<?xml version="1.0" encoding="UTF-8"?>
<!-- Generated by org.testng.reporters.JUnitXMLReporter -->
<testsuite ignored="0" hostname="DESKTOP-UA7G0ND" failures="1" tests="3" name="ErrorValidationTest" time="46.42" errors="0" timestamp="2024-06-27T14:10:48 IST">
  <testcase classname="codewithharry.tests.ErrorValidation" name="LoginErrorValidation" time="1.161">
    <skipped/>
  </testcase> <!-- LoginErrorValidation -->
  <testcase classname="codewithharry.tests.ErrorValidation" name="LoginErrorValidation" time="0.484">
    <failure type="java.lang.AssertionError" message="expected [Incorrect email password.] but found [Incorrect email or password.]">
      <![CDATA[java.lang.AssertionError: expected [Incorrect email password.] but found [Incorrect email or password.]
at codewithharry.tests.ErrorValidation.LoginErrorValidation(ErrorValidation.java:29)
at java.base/java.util.ArrayList.forEach(ArrayList.java:1597)
at java.base/java.util.concurrent.FutureTask.run(FutureTask.java:317)
at java.base/java.util.concurrent.ThreadPoolExecutor.runWorker(ThreadPoolExecutor.java:1144)
at java.base/java.util.concurrent.ThreadPoolExecutor$Worker.run(ThreadPoolExecutor.java:642)
at java.base/java.lang.Thread.run(Thread.java:1570)
... Removed 21 stack frames]]>
    </failure>
  </testcase> <!-- LoginErrorValidation -->
  <testcase classname="codewithharry.tests.ErrorValidation" name="ProductErrorValidation" time="5.01"/>
</testsuite> <!-- ErrorValidationTest -->
